============================================================
  Generated by:           Genus(TM) Synthesis Solution 19.13-s073_1
  Generated on:           Apr 17 2024  10:09:45 am
  Module:                 FP_ALU_SYN
  Technology libraries:   slow_1v0 
                          pll 0.0
                          CDK_S128x16 0.0
                          CDK_S256x16 0.0
                          CDK_R512x16 0.0
                          physical_cells 
                          slow_1v0 
                          pll 0.0
                          CDK_S128x16 0.0
                          CDK_S256x16 0.0
                          CDK_R512x16 0.0
                          physical_cells 
  Operating conditions:   slow 
  Interconnect mode:      global
  Area mode:              physical library
============================================================

Timing
--------

Clock  Period 
--------------
clk   15000.0 


  Cost    Critical         Violating 
 Group   Path Slack  TNS     Paths   
-------------------------------------
clk             0.1   0.0          0 
default    No paths   0.0            
-------------------------------------
Total                 0.0          0 

Instance Count
--------------
Leaf Instance Count             4647 
Physical Instance count            0 
Sequential Instance Count         66 
Combinational Instance Count    4581 
Hierarchical Instance Count        0 

Area
----
Cell Area                          13001.455
Physical Cell Area                 0.000
Total Cell Area (Cell+Physical)    13001.455
Net Area                           6040.295
Total Area (Cell+Physical+Net)     19041.750

Runtime                            0.0 seconds
Elapsed Runtime                    222 seconds
Genus peak memory usage            1101.44 
Innovus peak memory usage          no_value 
Hostname                           localhost
