============================================================
  Generated by:           Genus(TM) Synthesis Solution 19.13-s073_1
  Generated on:           Apr 17 2024  10:09:46 am
  Module:                 FP_ALU_SYN
  Technology libraries:   slow_1v0 
                          pll 0.0
                          CDK_S128x16 0.0
                          CDK_S256x16 0.0
                          CDK_R512x16 0.0
                          physical_cells 
                          slow_1v0 
                          pll 0.0
                          CDK_S128x16 0.0
                          CDK_S256x16 0.0
                          CDK_R512x16 0.0
                          physical_cells 
  Operating conditions:   slow 
  Interconnect mode:      global
  Area mode:              physical library
============================================================

 Instance  Module  Cell Count  Cell Area  Net Area   Total Area 
----------------------------------------------------------------
FP_ALU_SYN               4647  13001.455  6040.296    19041.750 
